<?xml version="1.0" encoding="UTF-8"?>
<testng-results ignored="0" total="4" passed="4" failed="0" skipped="0">
  <reporter-output>
  </reporter-output>
  <suite started-at="2024-04-21T17:47:59 IST" name="Suite" finished-at="2024-04-21T17:48:01 IST" duration-ms="2688">
    <groups>
      <group name="cucumber">
        <method signature="AbstractTestNGCucumberTests.runScenario(io.cucumber.testng.PickleWrapper,io.cucumber.testng.FeatureWrapper)[pri:0, instance:runner.CurrencyConverterRunner@478190fc]" name="runScenario" class="io.cucumber.testng.AbstractTestNGCucumberTests"/>
      </group> <!-- cucumber -->
    </groups>
    <test started-at="2024-04-21T17:47:59 IST" name="Test" finished-at="2024-04-21T17:48:01 IST" duration-ms="2688">
      <class name="runner.CurrencyConverterRunner">
        <test-method is-config="true" signature="setUpClass(org.testng.ITestContext)[pri:0, instance:runner.CurrencyConverterRunner@478190fc]" started-at="2024-04-21T17:47:59 IST" name="setUpClass" finished-at="2024-04-21T17:47:59 IST" duration-ms="312" status="PASS">
          <params>
            <param index="0">
              <value>
                <![CDATA[org.testng.TestRunner@3eee08f5]]>
              </value>
            </param>
          </params>
          <reporter-output>
          </reporter-output>
        </test-method> <!-- setUpClass -->
        <test-method signature="runScenario(io.cucumber.testng.PickleWrapper,io.cucumber.testng.FeatureWrapper)[pri:0, instance:runner.CurrencyConverterRunner@478190fc]" started-at="2024-04-21T17:47:59 IST" name="runScenario" description="Runs Cucumber Scenarios" data-provider="scenarios" finished-at="2024-04-21T17:48:01 IST" duration-ms="1648" status="PASS">
          <params>
            <param index="0">
              <value>
                <![CDATA["Verify if the api is giving a valid reponse, Status and Status Code"]]>
              </value>
            </param>
            <param index="1">
              <value>
                <![CDATA["Currency Converter Feature"]]>
              </value>
            </param>
          </params>
          <reporter-output>
          </reporter-output>
        </test-method> <!-- runScenario -->
        <test-method signature="runScenario(io.cucumber.testng.PickleWrapper,io.cucumber.testng.FeatureWrapper)[pri:0, instance:runner.CurrencyConverterRunner@478190fc]" started-at="2024-04-21T17:48:01 IST" name="runScenario" description="Runs Cucumber Scenarios" data-provider="scenarios" finished-at="2024-04-21T17:48:01 IST" duration-ms="165" status="PASS">
          <params>
            <param index="0">
              <value>
                <![CDATA["Verify if the api is giving a invalid reponse"]]>
              </value>
            </param>
            <param index="1">
              <value>
                <![CDATA["Currency Converter Feature"]]>
              </value>
            </param>
          </params>
          <reporter-output>
          </reporter-output>
        </test-method> <!-- runScenario -->
        <test-method signature="runScenario(io.cucumber.testng.PickleWrapper,io.cucumber.testng.FeatureWrapper)[pri:0, instance:runner.CurrencyConverterRunner@478190fc]" started-at="2024-04-21T17:48:01 IST" name="runScenario" description="Runs Cucumber Scenarios" data-provider="scenarios" finished-at="2024-04-21T17:48:01 IST" duration-ms="150" status="PASS">
          <params>
            <param index="0">
              <value>
                <![CDATA["Get the currency value in USD"]]>
              </value>
            </param>
            <param index="1">
              <value>
                <![CDATA["Currency Converter Feature"]]>
              </value>
            </param>
          </params>
          <reporter-output>
          </reporter-output>
        </test-method> <!-- runScenario -->
        <test-method signature="runScenario(io.cucumber.testng.PickleWrapper,io.cucumber.testng.FeatureWrapper)[pri:0, instance:runner.CurrencyConverterRunner@478190fc]" started-at="2024-04-21T17:48:01 IST" name="runScenario" description="Runs Cucumber Scenarios" data-provider="scenarios" finished-at="2024-04-21T17:48:01 IST" duration-ms="356" status="PASS">
          <params>
            <param index="0">
              <value>
                <![CDATA["Validate the api JSON schema"]]>
              </value>
            </param>
            <param index="1">
              <value>
                <![CDATA["Currency Converter Feature"]]>
              </value>
            </param>
          </params>
          <reporter-output>
          </reporter-output>
        </test-method> <!-- runScenario -->
        <test-method is-config="true" signature="tearDownClass()[pri:0, instance:runner.CurrencyConverterRunner@478190fc]" started-at="2024-04-21T17:48:01 IST" name="tearDownClass" finished-at="2024-04-21T17:48:01 IST" duration-ms="27" status="PASS">
          <reporter-output>
          </reporter-output>
        </test-method> <!-- tearDownClass -->
      </class> <!-- runner.CurrencyConverterRunner -->
    </test> <!-- Test -->
  </suite> <!-- Suite -->
</testng-results>
