<?xml version="1.0" encoding="UTF-8"?>
<testsuite xmlns:xsi="http://www.w3.org/2001/XMLSchema-instance" xsi:noNamespaceSchemaLocation="https://maven.apache.org/surefire/maven-surefire-plugin/xsd/surefire-test-report-3.0.xsd" version="3.0" name="TestSuite" time="10.201" tests="4" errors="0" skipped="0" failures="0">
  <properties>
[...]
</properties>
  <testcase name="runScenario[&quot;Verify if the api is giving a valid reponse, Status and Status Code&quot;, &quot;Currency Converter Feature&quot;](1)" classname="runner.CurrencyConverterRunner" time="1.953">
    <system-out><![CDATA[
@tag @tag1
Scenario: Verify if the api is giving a valid reponse, Status and Status Code # src/test/resources/features/CurrencyConverter.feature:5
  Given I have an API URL                                                     # stepdefinitions.CurrencyConverterStep.i_have_an_api_url()
  When I use get method to hit the api                                        # stepdefinitions.CurrencyConverterStep.i_use_get_method_to_hit_the_api()
HTTP/1.1 200 OK
  Then I get a valid json response with status "success"                      # stepdefinitions.CurrencyConverterStep.i_get_a_valid_json_response_with_status(java.lang.String)
  And I get total 162 currency pairs                                          # stepdefinitions.CurrencyConverterStep.i_get_total_currency_pairs(int)
]]></system-out>
    <system-err><![CDATA[SLF4J: Failed to load class "org.slf4j.impl.StaticLoggerBinder".
SLF4J: Defaulting to no-operation (NOP) logger implementation
SLF4J: See http://www.slf4j.org/codes.html#StaticLoggerBinder for further details.
]]></system-err>
  </testcase>
  <testcase name="runScenario[&quot;Verify if the api is giving a invalid reponse&quot;, &quot;Currency Converter Feature&quot;](2)" classname="runner.CurrencyConverterRunner" time="0.484">
    <system-out><![CDATA[
@tag
Scenario: Verify if the api is giving a invalid reponse               # src/test/resources/features/CurrencyConverter.feature:11
  Given I have an invalid API URL                                     # stepdefinitions.CurrencyConverterStep.i_have_an_invalid_api_url()
  When I use get method to hit the api                                # stepdefinitions.CurrencyConverterStep.i_use_get_method_to_hit_the_api()
  Then I get a invalid json response with status other than "Success" # stepdefinitions.CurrencyConverterStep.i_get_a_invalid_json_response_with_status_other_than(java.lang.String)
  And I verify the error_type as "unsupported-code"                   # stepdefinitions.CurrencyConverterStep.i_verify_the_error_type_as(java.lang.String)
]]></system-out>
  </testcase>
  <testcase name="runScenario[&quot;Get the currency value in USD&quot;, &quot;Currency Converter Feature&quot;](3)" classname="runner.CurrencyConverterRunner" time="0.265">
    <system-out><![CDATA[
@tag @tag2
Scenario Outline: Get the currency value in USD                                                          # src/test/resources/features/CurrencyConverter.feature:25
  Given I have an API URL                                                                                # stepdefinitions.CurrencyConverterStep.i_have_an_api_url()
  When I use get method to hit the api                                                                   # stepdefinitions.CurrencyConverterStep.i_use_get_method_to_hit_the_api()
  Then I verify the USD currency value for currency "AED" should be 3.6725 and between the range 3.6,3.7 # stepdefinitions.CurrencyConverterStep.i_verify_the_usd_currency_value_for_aed_should_be(java.lang.String,double,double,double)
]]></system-out>
  </testcase>
  <testcase name="runScenario[&quot;Validate the api JSON schema&quot;, &quot;Currency Converter Feature&quot;](4)" classname="runner.CurrencyConverterRunner" time="0.455">
    <system-out><![CDATA[
@tag
Scenario: Validate the api JSON schema # src/test/resources/features/CurrencyConverter.feature:28
  Given I have an API URL              # stepdefinitions.CurrencyConverterStep.i_have_an_api_url()
  When I use get method to hit the api # stepdefinitions.CurrencyConverterStep.i_use_get_method_to_hit_the_api()
  Then I validate the json schema      # stepdefinitions.CurrencyConverterStep.i_validate_the_json_schema()
]]></system-out>
  </testcase>
</testsuite>